0 verbose cli /usr/local/bin/node /usr/local/bin/npm
1 info using npm@10.8.2
2 info using node@v20.19.5
3 silly config load:file:/usr/local/lib/node_modules/npm/npmrc
4 silly config load:file:/var/www/.npmrc
5 silly config load:file:/home/msamotyj/.npmrc
6 silly config load:file:/usr/local/etc/npmrc
7 verbose title npm run dev
8 verbose argv "run" "dev"
9 verbose logfile logs-max:10 dir:/home/msamotyj/.npm/_logs/2025-10-03T14_50_22_728Z-
10 verbose logfile /home/msamotyj/.npm/_logs/2025-10-03T14_50_22_728Z-debug-0.log
11 silly logfile done cleaning log files
12 verbose stack Error: command failed
12 verbose stack     at promiseSpawn (/usr/local/lib/node_modules/npm/node_modules/@npmcli/promise-spawn/lib/index.js:22:22)
12 verbose stack     at spawnWithShell (/usr/local/lib/node_modules/npm/node_modules/@npmcli/promise-spawn/lib/index.js:124:10)
12 verbose stack     at promiseSpawn (/usr/local/lib/node_modules/npm/node_modules/@npmcli/promise-spawn/lib/index.js:12:12)
12 verbose stack     at runScriptPkg (/usr/local/lib/node_modules/npm/node_modules/@npmcli/run-script/lib/run-script-pkg.js:77:13)
12 verbose stack     at runScript (/usr/local/lib/node_modules/npm/node_modules/@npmcli/run-script/lib/run-script.js:9:12)
12 verbose stack     at #run (/usr/local/lib/node_modules/npm/lib/commands/run-script.js:130:13)
12 verbose stack     at async RunScript.exec (/usr/local/lib/node_modules/npm/lib/commands/run-script.js:39:7)
12 verbose stack     at async Npm.exec (/usr/local/lib/node_modules/npm/lib/npm.js:207:9)
12 verbose stack     at async module.exports (/usr/local/lib/node_modules/npm/lib/cli/entry.js:74:5)
13 error path /var/www
14 error command failed
15 error signal SIGTERM
16 error command sh -c vite
17 verbose cwd /var/www
18 verbose os Linux 6.6.87.2-microsoft-standard-WSL2
19 verbose node v20.19.5
20 verbose npm  v10.8.2
21 verbose exit 1
22 verbose code 1
23 error A complete log of this run can be found in: /home/msamotyj/.npm/_logs/2025-10-03T14_50_22_728Z-debug-0.log
