0 verbose cli /usr/local/bin/node /usr/local/bin/npm
1 info using npm@10.8.2
2 info using node@v20.19.5
3 silly config load:file:/usr/local/lib/node_modules/npm/npmrc
4 silly config load:file:/home/msamotyj/.npmrc
5 silly config load:file:/usr/local/etc/npmrc
6 verbose title npm install npm@11.6.1
7 verbose argv "install" "--global" "npm@11.6.1"
8 verbose logfile logs-max:10 dir:/home/msamotyj/.npm/_logs/2025-10-02T11_51_24_791Z-
9 verbose logfile /home/msamotyj/.npm/_logs/2025-10-02T11_51_24_791Z-debug-0.log
10 silly logfile done cleaning log files
11 http fetch GET 200 https://registry.npmjs.org/npm 348ms (cache miss)
12 silly packumentCache heap:2197815296 maxSize:549453824 maxEntrySize:274726912
13 silly idealTree buildDeps
14 silly fetch manifest npm@11.6.1
15 silly packumentCache full:https://registry.npmjs.org/npm cache-miss
16 http fetch GET 200 https://registry.npmjs.org/npm 932ms (cache miss)
17 silly packumentCache full:https://registry.npmjs.org/npm set size:undefined disposed:false
18 silly placeDep ROOT npm@11.6.1 OK for:  want: 11.6.1
19 silly reify mark retired [
19 silly reify   '/usr/local/lib/node_modules/npm',
19 silly reify   '/usr/local/bin/npm',
19 silly reify   '/usr/local/bin/npx'
19 silly reify ]
20 silly reify moves {
20 silly reify   '/usr/local/lib/node_modules/npm': '/usr/local/lib/node_modules/.npm-i9nnxROI',
20 silly reify   '/usr/local/bin/npm': '/usr/local/bin/.npm-uJtxIR1m',
20 silly reify   '/usr/local/bin/npx': '/usr/local/bin/.npx-xXo12k2C'
20 silly reify }
21 verbose stack Error: EACCES: permission denied, rename '/usr/local/lib/node_modules/npm' -> '/usr/local/lib/node_modules/.npm-i9nnxROI'
21 verbose stack     at async Object.rename (node:internal/fs/promises:782:10)
21 verbose stack     at async moveFile (/usr/local/lib/node_modules/npm/node_modules/@npmcli/fs/lib/move-file.js:30:5)
21 verbose stack     at async Promise.allSettled (index 0)
21 verbose stack     at async [reifyPackages] (/usr/local/lib/node_modules/npm/node_modules/@npmcli/arborist/lib/arborist/reify.js:325:11)
21 verbose stack     at async Arborist.reify (/usr/local/lib/node_modules/npm/node_modules/@npmcli/arborist/lib/arborist/reify.js:142:5)
21 verbose stack     at async Install.exec (/usr/local/lib/node_modules/npm/lib/commands/install.js:150:5)
21 verbose stack     at async Npm.exec (/usr/local/lib/node_modules/npm/lib/npm.js:207:9)
21 verbose stack     at async module.exports (/usr/local/lib/node_modules/npm/lib/cli/entry.js:74:5)
22 error code EACCES
23 error syscall rename
24 error path /usr/local/lib/node_modules/npm
25 error dest /usr/local/lib/node_modules/.npm-i9nnxROI
26 error errno -13
27 error Error: EACCES: permission denied, rename '/usr/local/lib/node_modules/npm' -> '/usr/local/lib/node_modules/.npm-i9nnxROI'
27 error     at async Object.rename (node:internal/fs/promises:782:10)
27 error     at async moveFile (/usr/local/lib/node_modules/npm/node_modules/@npmcli/fs/lib/move-file.js:30:5)
27 error     at async Promise.allSettled (index 0)
27 error     at async [reifyPackages] (/usr/local/lib/node_modules/npm/node_modules/@npmcli/arborist/lib/arborist/reify.js:325:11)
27 error     at async Arborist.reify (/usr/local/lib/node_modules/npm/node_modules/@npmcli/arborist/lib/arborist/reify.js:142:5)
27 error     at async Install.exec (/usr/local/lib/node_modules/npm/lib/commands/install.js:150:5)
27 error     at async Npm.exec (/usr/local/lib/node_modules/npm/lib/npm.js:207:9)
27 error     at async module.exports (/usr/local/lib/node_modules/npm/lib/cli/entry.js:74:5) {
27 error   errno: -13,
27 error   code: 'EACCES',
27 error   syscall: 'rename',
27 error   path: '/usr/local/lib/node_modules/npm',
27 error   dest: '/usr/local/lib/node_modules/.npm-i9nnxROI'
27 error }
28 error
28 error The operation was rejected by your operating system.
28 error It is likely you do not have the permissions to access this file as the current user
28 error
28 error If you believe this might be a permissions issue, please double-check the
28 error permissions of the file and its containing directories, or try running
28 error the command again as root/Administrator.
29 silly unfinished npm timer reify 1759405885375
30 silly unfinished npm timer reify:retireShallow 1759405886699
31 verbose cwd /var/www
32 verbose os Linux 6.6.87.2-microsoft-standard-WSL2
33 verbose node v20.19.5
34 verbose npm  v10.8.2
35 verbose exit -13
36 verbose code -13
37 error A complete log of this run can be found in: /home/msamotyj/.npm/_logs/2025-10-02T11_51_24_791Z-debug-0.log
